[2025-04-12 14:36:53] COMMAND: CMD: echo Projekt S Copilot DOM m≈±k√∂dik-e most?
[2025-04-12 14:36:53] RESPONSE: Projekt S Copilot DOM mukodik-e most?


[2025-04-12 14:37:24] COMMAND: CMD: echo Projekt S Copilot DOM m≈±k√∂dik-e most?
[2025-04-12 14:37:24] RESPONSE: Projekt S Copilot DOM mukodik-e most?


[2025-04-12 14:37:59] COMMAND: CMD: echo Projekt S Copilot DOM m≈±k√∂dik-e most?
[2025-04-12 14:37:59] RESPONSE: Projekt S Copilot DOM mukodik-e most?


[2025-04-12 14:39:11] COMMAND: CMD: echo teszt115
[2025-04-12 14:39:11] RESPONSE: WebSocket error: [WinError 1225] A t√°voli sz√°m√≠t√≥g√©p visszautas√≠totta a csatlakoztat√°si k√©relmet

[2025-04-12 14:39:11] COMMAND: CMD: echo teszt115
[2025-04-12 14:39:11] RESPONSE: WebSocket error: [WinError 1225] A t√°voli sz√°m√≠t√≥g√©p visszautas√≠totta a csatlakoztat√°si k√©relmet

[2025-04-12 14:39:41] COMMAND: CMD: echo teszt115
[2025-04-12 14:39:41] RESPONSE: WebSocket error: [WinError 1225] A t√°voli sz√°m√≠t√≥g√©p visszautas√≠totta a csatlakoztat√°si k√©relmet

[2025-04-12 14:39:42] COMMAND: CMD: echo teszt115
[2025-04-12 14:39:42] RESPONSE: WebSocket error: [WinError 1225] A t√°voli sz√°m√≠t√≥g√©p visszautas√≠totta a csatlakoztat√°si k√©relmet

[2025-04-12 14:40:12] COMMAND: CMD: echo teszt115
[2025-04-12 14:40:12] RESPONSE: WebSocket error: [WinError 1225] A t√°voli sz√°m√≠t√≥g√©p visszautas√≠totta a csatlakoztat√°si k√©relmet

[2025-04-12 14:40:13] COMMAND: CMD: echo teszt115
[2025-04-12 14:40:13] RESPONSE: WebSocket error: [WinError 1225] A t√°voli sz√°m√≠t√≥g√©p visszautas√≠totta a csatlakoztat√°si k√©relmet

[2025-04-12 14:40:46] COMMAND: CMD:
Search
Deep research
[2025-04-12 14:40:46] RESPONSE: WebSocket error: [WinError 1225] A t√°voli sz√°m√≠t√≥g√©p visszautas√≠totta a csatlakoztat√°si k√©relmet

[2025-04-12 14:40:46] COMMAND: CMD:
Search
Deep research
[2025-04-12 14:40:46] RESPONSE: WebSocket error: [WinError 1225] A t√°voli sz√°m√≠t√≥g√©p visszautas√≠totta a csatlakoztat√°si k√©relmet

[2025-04-12 14:40:51] COMMAND: CMD: d
[2025-04-12 14:40:51] RESPONSE: WebSocket error: [WinError 1225] A t√°voli sz√°m√≠t√≥g√©p visszautas√≠totta a csatlakoztat√°si k√©relmet

[2025-04-12 14:40:51] COMMAND: CMD: d
[2025-04-12 14:40:51] RESPONSE: WebSocket error: [WinError 1225] A t√°voli sz√°m√≠t√≥g√©p visszautas√≠totta a csatlakoztat√°si k√©relmet

[2025-04-12 14:41:05] COMMAND: CMD: e
Search
Deep research
[2025-04-12 14:41:05] RESPONSE: WebSocket error: [WinError 1225] A t√°voli sz√°m√≠t√≥g√©p visszautas√≠totta a csatlakoztat√°si k√©relmet

[2025-04-12 14:41:05] COMMAND: CMD: e
Search
Deep research
[2025-04-12 14:41:05] RESPONSE: WebSocket error: [WinError 1225] A t√°voli sz√°m√≠t√≥g√©p visszautas√≠totta a csatlakoztat√°si k√©relmet

[2025-04-12 14:41:09] COMMAND: CMD: echo 
Search
Deep research
[2025-04-12 14:41:09] RESPONSE: WebSocket error: [WinError 1225] A t√°voli sz√°m√≠t√≥g√©p visszautas√≠totta a csatlakoztat√°si k√©relmet

[2025-04-12 14:41:09] COMMAND: CMD: echo 
Search
Deep research
[2025-04-12 14:41:09] RESPONSE: WebSocket error: [WinError 1225] A t√°voli sz√°m√≠t√≥g√©p visszautas√≠totta a csatlakoztat√°si k√©relmet

[2025-04-12 14:41:14] COMMAND: CMD: echo teszt
Search
Deep research
[2025-04-12 14:41:14] RESPONSE: WebSocket error: [WinError 1225] A t√°voli sz√°m√≠t√≥g√©p visszautas√≠totta a csatlakoztat√°si k√©relmet

[2025-04-12 14:41:14] COMMAND: CMD: echo teszt
Search
Deep research
[2025-04-12 14:41:14] RESPONSE: WebSocket error: [WinError 1225] A t√°voli sz√°m√≠t√≥g√©p visszautas√≠totta a csatlakoztat√°si k√©relmet

[2025-04-12 14:41:44] COMMAND: CMD: echo teszt
Search
Deep research
[2025-04-12 14:41:44] RESPONSE: WebSocket error: [WinError 1225] A t√°voli sz√°m√≠t√≥g√©p visszautas√≠totta a csatlakoztat√°si k√©relmet

[2025-04-12 14:41:44] COMMAND: CMD: echo teszt
Search
Deep research
[2025-04-12 14:41:44] RESPONSE: WebSocket error: [WinError 1225] A t√°voli sz√°m√≠t√≥g√©p visszautas√≠totta a csatlakoztat√°si k√©relmet

[2025-04-12 18:08:31] COMMAND: CODE:  for i in range(3): 
    print("S √ºdv√∂z√∂l", i)
[2025-04-12 18:08:31] RESPONSE: S –ì—òdv–ì¬∂z–ì¬∂l 0
S –ì—òdv–ì¬∂z–ì¬∂l 1
S –ì—òdv–ì¬∂z–ì¬∂l 2


[2025-04-12 18:11:46] COMMAND: CMD:
[2025-04-12 18:11:46] RESPONSE: Command executed (no output)

[2025-04-12 18:12:13] COMMAND: CMD: echo toto
[2025-04-12 18:12:13] RESPONSE: toto


[2025-04-12 18:13:07] COMMAND: CMD: echo teszt115
[2025-04-12 18:13:07] RESPONSE: teszt115


[2025-04-12 18:13:15] COMMAND: CMD: echo teszt115 √©szlelve ‚Äì visszaigazol√°s rendben
[2025-04-12 18:13:15] RESPONSE: teszt115 eszlelve - visszaigazolas rendben


[2025-04-12 18:13:41] COMMAND: CMD: echo Trigger √©szlelve ‚Äì rendszer akt√≠v m√≥dban
[2025-04-12 18:13:41] RESPONSE: Trigger eszlelve - rendszer aktiv modban


[2025-04-12 18:14:07] COMMAND: CMD: echo Folyamatos figyel√©s bekapcsolva ‚Äì utas√≠t√°sokra v√°rok
[2025-04-12 18:14:07] RESPONSE: Folyamatos figyeles bekapcsolva - utasitasokra varok


[2025-04-12 18:14:34] COMMAND: CMD: echo Parancsv√°r√≥ ciklus √©l ‚Äì feldolgoz√°s indul√°sra k√©sz
[2025-04-12 18:14:34] RESPONSE: Parancsvaro ciklus el - feldolgozas indulasra kesz


[2025-04-12 18:15:01] COMMAND: CMD: echo 'code parancs' √©szlelve ‚Äì √©rtelmez√©s elind√≠tva a v√©grehajt√°s fel√©
[2025-04-12 18:15:01] RESPONSE: 'code parancs' eszlelve - ertelmezes elinditva a vegrehajtas fele


[2025-04-12 18:15:07] COMMAND: CMD: echo 'code>' szintaxis √©szlelve ‚Äì parancs form√°tum tesztel√©s alatt
[2025-04-12 18:15:07] RESPONSE: Command executed (no output)

[2025-04-12 18:15:35] COMMAND: CMD: echo Parancs v√©grehajt
[2025-04-12 18:15:35] RESPONSE: Parancs vegrehajt


[2025-04-12 18:16:02] COMMAND: CMD: echo 'ls' parancs nem √©rv√©nyes Windows CMD-ben ‚Äì haszn√°lj dir helyette
[2025-04-12 18:16:02] RESPONSE: 'ls' parancs nem ervenyes Windows CMD-ben - hasznalj dir helyette


[2025-04-12 18:16:28] COMMAND: CMD: echo Folyamat le√°ll√≠t√°sa elind√≠tva ‚Äì h√°tt√©rfigyel√©s sz√ºnetel
[2025-04-12 18:16:28] RESPONSE: Folyamat leallitasa elinditva - hatterfigyeles szunetel


[2025-04-12 18:16:54] COMMAND: CMD: echo Meger≈ës√≠tve ‚Äì rendszer csendes √°llapotban, k√©szenl√©tben marad
[2025-04-12 18:16:54] RESPONSE: Megerositve - rendszer csendes allapotban, keszenletben marad


[2025-04-12 18:18:47] COMMAND: CMD:
[2025-04-12 18:18:47] RESPONSE: Command executed (no output)

[2025-04-12 18:23:14] COMMAND: CODE:
cmd
Copy
Edit
echo Parancs
[2025-04-12 18:23:14] RESPONSE: Error:
  File "C:\projekt\generated_code.py", line 4
    echo Parancs
         ^^^^^^^
SyntaxError: invalid syntax


Output:


[2025-04-12 18:23:24] COMMAND: CODE:
cmd
Copy
Edit
echo Parancs #4: Jelenlegi felhaszn√°l√≥ √©s g√©pn√©v
echo %USERNAME% @ %COMPUTERNAME%
[2025-04-12 18:23:24] RESPONSE: Error:
  File "C:\projekt\generated_code.py", line 4
    echo Parancs #4: Jelenlegi felhaszn–ì–él–ì—ñ –ì¬©s g–ì¬©pn–ì¬©v
         ^^^^^^^
SyntaxError: invalid syntax


Output:


[2025-04-12 18:23:33] COMMAND: CODE:
[2025-04-12 18:23:33] RESPONSE: Code executed (no output)

[2025-04-12 18:30:08] COMMAND: CMD: echo IZGALMAS test2
[2025-04-12 18:30:08] RESPONSE: IZGALMAS test2


[2025-04-12 18:34:04] COMMAND: CMD: echo Teszt CMD parancs futtat√°sa sikeres
[2025-04-12 18:34:04] RESPONSE: Teszt CMD parancs futtatasa sikeres


[2025-04-12 18:34:10] COMMAND: CODE:
[2025-04-12 18:34:10] RESPONSE: Code executed (no output)

[2025-04-12 18:34:17] COMMAND: FILE:write test_output.txt || Ez egy √≠r√°si teszt. M≈±k√∂dik a f√°jlkezel√©s?
[2025-04-12 18:34:17] RESPONSE: Successfully wrote 42 bytes to test_output.txt

[2025-04-12 18:34:24] COMMAND: FILE:write
[2025-04-12 18:34:24] RESPONSE: Unsupported FILE operation: write

[2025-04-12 18:34:33] COMMAND: FILE:read test_output.txt
[2025-04-12 18:34:33] RESPONSE: File content of test_output.txt:

Ez egy √≠r√°si teszt. M≈±k√∂dik a f√°jlkezel√©s?

[2025-04-12 18:35:06] COMMAND: INFO:
[2025-04-12 18:35:06] RESPONSE: {
  "OS": "Windows",
  "OS_Version": "10.0.19045",
  "OS_Release": "10",
  "Python": "3.11.8",
  "Processor": "Intel64 Family 6 Model 158 Stepping 10, GenuineIntel",
  "Machine": "AMD64",
  "Node": "DESKTOP-VAR2T1H",
  "Time": "2025-04-12 18:34:41"
}

[2025-04-12 18:38:19] COMMAND: CMD:
[2025-04-12 18:38:19] RESPONSE: Command executed (no output)

[2025-04-12 18:40:34] COMMAND: CODE:
print("Ez egy lass√∫ tesztk√≥d ‚úîÔ∏è")
[2025-04-12 18:40:34] RESPONSE: Ez egy lass–ì—î tesztk–ì—ñd –≤—ö‚Äù–ø—ë–è


[2025-04-12 18:40:42] COMMAND: FILE:write logs/test_file.txt || Ez egy f√°jl√≠r√°sos teszt. üìù
[2025-04-12 18:40:42] RESPONSE: Successfully wrote 26 bytes to logs/test_file.txt

[2025-04-12 18:40:51] COMMAND: FILE:
[2025-04-12 18:40:51] RESPONSE: Unsupported FILE operation: 

[2025-04-12 18:41:02] COMMAND: FILE:list logs
[2025-04-12 18:41:02] RESPONSE: Contents of logs:
- test_file.txt


[2025-04-12 18:41:11] COMMAND: REPLAY:5
[2025-04-12 18:41:11] RESPONSE: WebSocket error: [WinError 1225] A t√°voli sz√°m√≠t√≥g√©p visszautas√≠totta a csatlakoztat√°si k√©relmet

[2025-04-12 19:26:16] COMMAND: REPLAY:5
[2025-04-12 19:26:16] RESPONSE: WebSocket error: [WinError 1225] A t√°voli sz√°m√≠t√≥g√©p visszautas√≠totta a csatlakoztat√°si k√©relmet

[2025-04-12 19:27:06] COMMAND: CODE:
cmd
Copy
Edit
echo Parancs #4: Jelenlegi felhaszn√°l√≥ √©s g√©pn√©v
echo %USERNAME% @ %COMPUTERNAME%
[2025-04-12 19:27:06] RESPONSE: Error:
  File "C:\projekt\generated_code.py", line 4
    echo Parancs #4: Jelenlegi felhaszn–ì–él–ì—ñ –ì¬©s g–ì¬©pn–ì¬©v
         ^^^^^^^
SyntaxError: invalid syntax


Output:


[2025-04-12 19:27:18] COMMAND: CODE:
[2025-04-12 19:27:18] RESPONSE: Code executed (no output)

[2025-04-12 22:22:06] COMMAND: CODE:
cmd
Copy
Edit
echo Parancs #4: Jelenlegi felhaszn√°l√≥ √©s g√©pn√©v
echo %USERNAME% @ %COMPUTERNAME%
[2025-04-12 22:22:06] RESPONSE: Error:
  File "C:\projekt\generated_code.py", line 4
    echo Parancs #4: Jelenlegi felhaszn–ì–él–ì—ñ –ì¬©s g–ì¬©pn–ì¬©v
         ^^^^^^^
SyntaxError: invalid syntax


Output:


[2025-04-12 22:22:24] COMMAND: CODE:
[2025-04-12 22:22:24] RESPONSE: Code executed (no output)

[2025-04-12 22:27:14] COMMAND: CODE: 
for i in range(3):
    print("S udvozol", i)
Search
Deep research
[2025-04-12 22:27:14] RESPONSE: Error:
  File "C:\projekt\generated_code.py", line 4
    Deep research
         ^^^^^^^^
SyntaxError: invalid syntax


Output:


[2025-04-12 22:27:25] COMMAND: CODE: 
for i in range(3):
    print("S udvozol", i)
[2025-04-12 22:27:25] RESPONSE: S udvozol 0
S udvozol 1
S udvozol 2


[2025-04-12 22:27:38] COMMAND: CODE: 
for i in range(3):
    print("S udvozol", i)
[2025-04-12 22:27:38] RESPONSE: S udvozol 0
S udvozol 1
S udvozol 2


[2025-04-12 22:27:52] COMMAND: CODE:
python
Copy
Edit
print("Tesztciklus v√©get √©rt ‚Äì minden kimenet meg√©rkezett")
[2025-04-12 22:27:52] RESPONSE: Error:
Traceback (most recent call last):
  File "C:\projekt\generated_code.py", line 1, in <module>
    python
NameError: name 'python' is not defined


Output:


[2025-04-12 22:45:01] COMMAND: CODE:
python
Copy
Edit
print("Tesztciklus v√©get √©rt ‚Äì minden kimenet meg√©rkezett")
[2025-04-12 22:45:01] RESPONSE: WebSocket connection failed after 5 attempts. Last error: BaseEventLoop.create_connection() got an unexpected keyword argument 'extra_headers'

[2025-04-12 22:45:28] COMMAND: CODE:
[2025-04-12 22:45:28] RESPONSE: WebSocket connection failed after 5 attempts. Last error: BaseEventLoop.create_connection() got an unexpected keyword argument 'extra_headers'

[2025-04-12 22:47:41] COMMAND: CODE:
python
Copy
Edit
print("Tesztciklus v√©get √©rt ‚Äì minden kimenet meg√©rkezett")
[2025-04-12 22:47:41] RESPONSE: WebSocket connection failed after 5 attempts. Last error: BaseEventLoop.create_connection() got an unexpected keyword argument 'extra_headers'

[2025-04-12 22:48:20] COMMAND: CODE:
[2025-04-12 22:48:20] RESPONSE: WebSocket connection failed after 5 attempts. Last error: BaseEventLoop.create_connection() got an unexpected keyword argument 'extra_headers'

[2025-04-12 22:53:40] COMMAND: CODE:
python
Copy
Edit
print("Tesztciklus v√©get √©rt ‚Äì minden kimenet meg√©rkezett")
[2025-04-12 22:53:40] RESPONSE: Error:
Traceback (most recent call last):
  File "C:\projekt\generated_code.py", line 6, in <module>
    python
NameError: name 'python' is not defined


Output:


[2025-04-12 22:53:49] COMMAND: CODE:
[2025-04-12 22:53:49] RESPONSE: Code executed (no output)

[2025-04-12 23:46:39] COMMAND: CODE:
python
Copy
Edit
print("Tesztciklus v√©get √©rt ‚Äì minden kimenet meg√©rkezett")
[2025-04-12 23:46:39] RESPONSE: Error:
Traceback (most recent call last):
  File "C:\projekt\generated_code.py", line 6, in <module>
    python
NameError: name 'python' is not defined


Output:


[2025-04-12 23:47:02] COMMAND: CODE:
[2025-04-12 23:47:02] RESPONSE: Code executed (no output)

[2025-04-13 00:17:34] COMMAND: CODE: 
Search
Deep research
[2025-04-13 00:17:34] RESPONSE: Error:
  File "C:\Projekt\generated_code.py", line 7
    Deep research
         ^^^^^^^^
SyntaxError: invalid syntax


Output:


[2025-04-13 00:22:41] COMMAND: CODE:
[2025-04-13 00:22:41] RESPONSE: Code executed (no output)

[2025-04-13 00:22:45] COMMAND: CODE: print("üöÄ Rendszer teszt")Code executed (no output)
[2025-04-13 00:22:45] RESPONSE: Error:
  File "C:\Projekt\generated_code.py", line 6
    print("üöÄ Rendszer teszt")Code executed (no output)
                             ^^^^
SyntaxError: invalid syntax


Output:


[2025-04-13 00:22:46] COMMAND: CODE: print("üöÄ Rendszer teszt")
Search
Deep research
[2025-04-13 00:22:46] RESPONSE: Error:
  File "C:\Projekt\generated_code.py", line 8
    Deep research
         ^^^^^^^^
SyntaxError: invalid syntax


Output:


[2025-04-13 00:22:50] COMMAND: CODE: print("üöÄ Rendszer teszt")Code executed (no output)
[2025-04-13 00:22:50] RESPONSE: Error:
  File "C:\Projekt\generated_code.py", line 6
    print("üöÄ Rendszer teszt")Code executed (no output)
                             ^^^^
SyntaxError: invalid syntax


Output:


[2025-04-13 00:26:38] COMMAND: CODE: print("üöÄ Rendszer teszt")Code executed (no output)
[2025-04-13 00:26:38] RESPONSE: Error:
  File "C:\Projekt\generated_code.py", line 6
    print("üöÄ Rendszer teszt")Code executed (no output)
                             ^^^^
SyntaxError: invalid syntax


Output:


[2025-04-13 00:29:52] COMMAND: CODE: print("üöÄ Rendszer teszt")Code executed (no output)
[2025-04-13 00:29:52] RESPONSE: Error:
  File "C:\Projekt\generated_code.py", line 6
    print("üöÄ Rendszer teszt")Code executed (no output)
                             ^^^^
SyntaxError: invalid syntax


Output:


[2025-04-13 00:30:09] COMMAND: CMD: 
Search
Deep research
[2025-04-13 00:30:09] RESPONSE: 'Search' is not recognized as an internal or external command,
operable program or batch file.


[2025-04-13 00:30:13] COMMAND: CMD: h
[2025-04-13 00:30:13] RESPONSE: 'h' is not recognized as an internal or external command,
operable program or batch file.


[2025-04-13 00:30:38] COMMAND: CODE:
Search
Deep research
[2025-04-13 00:30:38] RESPONSE: Error:
  File "C:\Projekt\generated_code.py", line 7
    Deep research
         ^^^^^^^^
SyntaxError: invalid syntax


Output:


[2025-04-13 00:35:40] COMMAND: CODE: print("üöÄ Rendszer teszt")
Search
Deep research
[2025-04-13 00:35:40] RESPONSE: Error:
  File "C:\Projekt\generated_code.py", line 8
    Deep research
         ^^^^^^^^
SyntaxError: invalid syntax


Output:


[2025-04-13 00:36:01] COMMAND: CODE: print("üöÄ Rendszer teszt")
[2025-04-13 00:36:01] RESPONSE: üöÄ Rendszer teszt


[2025-04-13 00:36:05] COMMAND: CODE: print("üöÄ Rendszer teszt")
[2025-04-13 00:36:05] RESPONSE: üöÄ Rendszer teszt


[2025-04-13 00:37:59] COMMAND: CODE: print("‚úÖ Parancs sikeresen v√©grehajtva!")
(k√©sz, vissza passz√≠v m√≥dba)
[2025-04-13 00:37:59] RESPONSE: Error:
  File "C:\Projekt\generated_code.py", line 7
    (k√©sz, vissza passz√≠v m√≥dba)
           ^^^^^^^^^^^^^^
SyntaxError: invalid syntax. Perhaps you forgot a comma?


Output:


[2025-04-13 00:37:59] COMMAND: CODE: print("‚úÖ Parancs sikeresen v√©grehajtva!")
(k√©sz, vissza passz√≠v m√≥dba)
[2025-04-13 00:37:59] RESPONSE: Error:
  File "C:\Projekt\generated_code.py", line 7
    (k√©sz, vissza passz√≠v m√≥dba)
           ^^^^^^^^^^^^^^
SyntaxError: invalid syntax. Perhaps you forgot a comma?


Output:


[2025-04-13 00:38:24] COMMAND: CODE: print("‚úÖ Parancs sikeresen v√©grehajtva!")
(k√©sz, vissza passz√≠v m√≥dba)
[2025-04-13 00:38:24] RESPONSE: Error:
  File "C:\Projekt\generated_code.py", line 7
    (k√©sz, vissza passz√≠v m√≥dba)
           ^^^^^^^^^^^^^^
SyntaxError: invalid syntax. Perhaps you forgot a comma?


Output:


[2025-04-13 00:41:01] COMMAND: CODE: print("‚úÖ Parancs sikeresen v√©grehajtva!")
(k√©sz, vissza passz√≠v m√≥dba)
[2025-04-13 00:41:01] RESPONSE: Error:
  File "C:\Projekt\generated_code.py", line 7
    (k√©sz, vissza passz√≠v m√≥dba)
           ^^^^^^^^^^^^^^
SyntaxError: invalid syntax. Perhaps you forgot a comma?


Output:


[2025-04-13 00:42:44] COMMAND: CODE: print("‚úÖ Parancs sikeresen v√©grehajtva!")
(k√©sz, vissza passz√≠v m√≥dba)
[2025-04-13 00:42:44] RESPONSE: Error:
  File "C:\Projekt\generated_code.py", line 7
    (k√©sz, vissza passz√≠v m√≥dba)
           ^^^^^^^^^^^^^^
SyntaxError: invalid syntax. Perhaps you forgot a comma?


Output:


[2025-04-13 00:43:17] COMMAND: CODE: print("üöÄ Teszt √ºzenet")
[2025-04-13 00:43:17] RESPONSE: üöÄ Teszt √ºzenet


[2025-04-13 00:44:23] COMMAND: CMD: e
[2025-04-13 00:44:23] RESPONSE: 'e' is not recognized as an internal or external command,
operable program or batch file.


[2025-04-13 00:44:27] COMMAND: CMD: echo
[2025-04-13 00:44:27] RESPONSE: ECHO is on.


[2025-04-13 00:47:45] COMMAND: CMD: echo
[2025-04-13 00:47:45] RESPONSE: ECHO is on.


[2025-04-13 00:48:07] COMMAND: CODE: print("Teszt √ºzenet")
[2025-04-13 00:48:07] RESPONSE: Teszt √ºzenet


[2025-04-13 00:51:26] COMMAND: CODE: print("Teszt √ºzenet")
[2025-04-13 00:51:26] RESPONSE: Teszt √ºzenet


[2025-04-13 00:55:10] COMMAND: CODE: print("Teszt √ºzenet")
[2025-04-13 00:55:10] RESPONSE: Teszt √ºzenet


[2025-04-13 00:55:38] COMMAND: CODE: print("Teszt")
[2025-04-13 00:55:38] RESPONSE: Teszt


[2025-04-13 00:58:21] COMMAND: CODE:
python
Copy
Edit
print("Tesztciklus v√©get √©rt ‚Äì minden kimenet meg√©rkezett")
[2025-04-13 00:58:21] RESPONSE: Error:
Traceback (most recent call last):
  File "C:\Projekt\generated_code.py", line 6, in <module>
    python
NameError: name 'python' is not defined


Output:


[2025-04-13 01:11:04] COMMAND: CODE: print("Teszt")
[2025-04-13 01:11:04] RESPONSE: Teszt


[2025-04-13 01:18:53] COMMAND: CODE: print("Teszt")
[2025-04-13 01:18:53] RESPONSE: Teszt


[2025-04-13 01:25:36] COMMAND: CODE: print("Teszt")
[2025-04-13 01:25:36] RESPONSE: Teszt


[2025-04-13 01:27:30] COMMAND: CODE: print("Teszt")
[2025-04-13 01:27:30] RESPONSE: Teszt


[2025-04-13 01:28:39] COMMAND: CMD: echo proba
[2025-04-13 01:28:39] RESPONSE: proba


[2025-04-13 02:02:16] COMMAND: CMD: echo Projekt S Copilot DOM m≈±k√∂dik-e most?
[2025-04-13 02:02:16] RESPONSE: Projekt S Copilot DOM mukodik-e most?


[2025-04-13 02:02:44] COMMAND: CODE: print("Teszt")
[2025-04-13 02:02:44] RESPONSE: Teszt


[2025-04-13 02:03:37] COMMAND: CMD: echo Teszt √ºzenet
[2025-04-13 02:03:37] RESPONSE: Teszt uzenet


[2025-04-13 16:51:58] COMMAND: CMD: echo Teszt √ºzenet
[2025-04-13 16:51:58] RESPONSE: Teszt uzenet


[2025-04-13 16:52:50] COMMAND: CODE: print("‚úÖ Parancs sikeresen v√©grehajtva!")
[2025-04-13 16:52:50] RESPONSE: ‚úÖ Parancs sikeresen v√©grehajtva!


[2025-04-13 19:28:05] COMMAND: CODE: print("‚úÖ Parancs sikeresen v√©grehajtva!")
[2025-04-13 19:28:05] RESPONSE: ‚úÖ Parancs sikeresen v√©grehajtva!


[2025-04-13 19:33:05] COMMAND: CODE: print("‚úÖ Parancs sikeresen v√©grehajtva!")
[2025-04-13 19:33:05] RESPONSE: ‚úÖ Parancs sikeresen v√©grehajtva!


[2025-04-13 19:34:02] COMMAND: REPLAY:1
[2025-04-13 19:34:02] RESPONSE: Projekt S Copilot DOM mukodik-e most?

[2025-04-13 20:43:02] COMMAND: CMD: echo Automatikus REPLAY teszt elind√≠tva
[2025-04-13 20:43:02] RESPONSE: Automatikus REPLAY teszt elinditva


[2025-04-13 20:44:19] COMMAND: REPLAY:1
[2025-04-13 20:44:19] RESPONSE: Projekt S Copilot DOM mukodik-e most?

[2025-04-13 20:51:35] COMMAND: CMD: echo teszt1
[2025-04-13 20:51:35] RESPONSE: teszt1


[2025-04-13 20:52:22] COMMAND: REPLAY:1
[2025-04-13 20:52:22] RESPONSE: teszt1


[2025-04-13 21:00:04] COMMAND: CMD: A rendszer nem tal√°lja a megadott el√©r√©si utat: nemletezo_mappa.
[2025-04-13 21:00:04] RESPONSE: Error executing command: 'A' is not recognized as an internal or external command,
operable program or batch file.


[2025-04-13 23:30:03] COMMAND: CMD: A rendszer nem tal√°lja a megadott el√©r√©si utat: nemletezo_mappa.
[2025-04-13 23:30:03] RESPONSE: Error executing command: 'A' is not recognized as an internal or external command,
operable program or batch file.


[2025-04-13 23:36:20] COMMAND: CMD: echo szerverek_tesztelese
[2025-04-13 23:36:20] RESPONSE: szerverek_tesztelese


[2025-04-13 23:40:20] COMMAND: FILE: download last_response.txt
[2025-04-13 23:40:20] RESPONSE: Unsupported FILE operation: download last_response.txt

[2025-04-13 23:40:53] COMMAND: FILE: download last_response.txt
[2025-04-13 23:40:53] RESPONSE: Unsupported FILE operation: download last_response.txt

[2025-04-13 23:52:44] COMMAND: FILE: download last_response.txt
[2025-04-13 23:52:44] RESPONSE: Unsupported FILE operation: download last_response.txt

[2025-04-13 23:53:27] COMMAND: CMD: echo üí¨ BUBOR√âK
[2025-04-13 23:53:27] RESPONSE: ?? BUBOREK


[2025-04-13 23:56:16] COMMAND: CMD: echo test_connection
[2025-04-13 23:56:16] RESPONSE: test_connection


[2025-04-13 23:56:49] COMMAND: CMD: test_connection
[2025-04-13 23:56:49] RESPONSE: Error executing command: 'test_connection' is not recognized as an internal or external command,
operable program or batch file.


[2025-04-13 23:58:16] COMMAND: CMD: ping 8.8.8.8
[2025-04-13 23:58:16] RESPONSE: 
Pinging 8.8.8.8 with 32 bytes of data:
Reply from 8.8.8.8: bytes=32 time=50ms TTL=116
Reply from 8.8.8.8: bytes=32 time=42ms TTL=116
Reply from 8.8.8.8: bytes=32 time=55ms TTL=116
Reply from 8.8.8.8: bytes=32 time=47ms TTL=116

Ping statistics for 8.8.8.8:
    Packets: Sent = 4, Received = 4, Lost 

[2025-04-13 23:59:14] COMMAND: CMD: analyze_ping
[2025-04-13 23:59:14] RESPONSE: Error executing command: 'analyze_ping' is not recognized as an internal or external command,
operable program or batch file.


[2025-04-14 00:13:39] COMMAND: CMD: analyze_ping
[2025-04-14 00:13:39] RESPONSE: Error executing command: 'analyze_ping' is not recognized as an internal or external command,
operable program or batch file.


[2025-04-14 00:26:25] COMMAND: REPLAY:1 √∫jrapr√≥ba
[2025-04-14 00:26:25] RESPONSE: √ârv√©nytelen REPLAY form√°tum. Haszn√°lat: REPLAY:X ahol X egy sz√°m.

[2025-04-14 00:31:51] COMMAND: CMD: invalid_command_xyz
[2025-04-14 00:31:51] RESPONSE: Error executing command: 'invalid_command_xyz' is not recognized as an internal or external command,
operable program or batch file.


